<?xml version="1.0" encoding="UTF-8"?>
<testng-results ignored="0" total="2" passed="2" failed="0" skipped="0">
  <reporter-output>
  </reporter-output>
  <suite started-at="2021-04-19T16:16:59Z" name="Regression" finished-at="2021-04-19T16:17:05Z" duration-ms="6543">
    <groups>
    </groups>
    <test started-at="2021-04-19T16:16:59Z" name="Test" finished-at="2021-04-19T16:17:05Z" duration-ms="6543">
      <class name="demo.Search">
        <test-method is-config="true" signature="BT()[pri:0, instance:demo.Search@36d585c]" started-at="2021-04-19T16:16:59Z" name="BT" finished-at="2021-04-19T16:17:04Z" duration-ms="4821" status="PASS">
          <reporter-output>
          </reporter-output>
        </test-method> <!-- BT -->
        <test-method signature="PL()[pri:0, instance:demo.Search@36d585c]" started-at="2021-04-19T16:17:04Z" name="PL" finished-at="2021-04-19T16:17:04Z" duration-ms="110" status="PASS">
          <reporter-output>
          </reporter-output>
        </test-method> <!-- PL -->
        <test-method signature="test()[pri:1, instance:demo.Search@36d585c]" started-at="2021-04-19T16:17:04Z" name="test" finished-at="2021-04-19T16:17:05Z" duration-ms="1521" status="PASS">
          <reporter-output>
          </reporter-output>
        </test-method> <!-- test -->
        <test-method is-config="true" signature="FT()[pri:0, instance:demo.Search@36d585c]" started-at="2021-04-19T16:17:05Z" name="FT" finished-at="2021-04-19T16:17:05Z" duration-ms="73" status="PASS">
          <reporter-output>
          </reporter-output>
        </test-method> <!-- FT -->
      </class> <!-- demo.Search -->
    </test> <!-- Test -->
  </suite> <!-- Regression -->
</testng-results>
